\BOOKMARK [0][-]{chapter.1}{\376\377\0001\000\040\145\160\143\156\174\173\127\213\175\042\137\025}{}% 1
\BOOKMARK [1][-]{section.1.1}{\376\377\0001\000.\0001\000\040\174\173\176\347\142\177\121\163\174\373}{chapter.1}% 2
\BOOKMARK [0][-]{chapter.2}{\376\377\0002\000\040\145\160\143\156\174\173\127\213\175\042\137\025}{}% 3
\BOOKMARK [1][-]{section.2.1}{\376\377\0002\000.\0001\000\040\145\160\143\156\174\173\127\213\122\027\210\150}{chapter.2}% 4
\BOOKMARK [0][-]{chapter.3}{\376\377\0003\000\040\145\160\143\156\174\173\127\213\145\207\150\143}{}% 5
\BOOKMARK [1][-]{section.3.1}{\376\377\0003\000.\0001\000\040\000m\000o\000d\000u\000l\000e\000c\000o\000n\000t\000r\000o\000l\000f\000l\000o\000w\000:\000:\000c\000o\000n\000t\000r\000o\000l\000f\000l\000o\000w\000\040\174\173\127\213\123\302\200\003\142\113\121\214}{chapter.3}% 6
\BOOKMARK [1][-]{section.3.2}{\376\377\0003\000.\0002\000\040\000m\000o\000d\000u\000l\000e\000g\000r\000i\000d\000:\000:\000D\000u\000m\000p\000G\000r\000i\000d\000\040\143\245\123\343\123\302\200\003\142\113\121\214}{chapter.3}% 7
\BOOKMARK [1][-]{section.3.3}{\376\377\0003\000.\0003\000\040\000m\000o\000d\000u\000l\000e\000f\000i\000e\000l\000d\000:\000:\000f\000i\000e\000l\000d\000\040\174\173\127\213\123\302\200\003\142\113\121\214}{chapter.3}% 8
\BOOKMARK [1][-]{section.3.4}{\376\377\0003\000.\0004\000\040\000m\000o\000d\000u\000l\000e\000f\000i\000e\000l\000d\000b\000o\000u\000n\000d\000a\000r\000y\000:\000:\000f\000i\000e\000l\000d\000b\000o\000u\000n\000d\000a\000r\000y\000\040\174\173\127\213\123\302\200\003\142\113\121\214}{chapter.3}% 9
\BOOKMARK [1][-]{section.3.5}{\376\377\0003\000.\0005\000\040\000m\000o\000d\000u\000l\000e\000f\000i\000e\000l\000d\000:\000:\000f\000i\000e\000l\000d\000o\000n\000e\000\040\174\173\127\213\123\302\200\003\142\113\121\214}{chapter.3}% 10
\BOOKMARK [1][-]{section.3.6}{\376\377\0003\000.\0006\000\040\000m\000o\000d\000u\000l\000e\000f\000i\000e\000l\000d\000:\000:\000f\000i\000e\000l\000d\000s\000o\000l\000v\000e\000r\000\040\174\173\127\213\123\302\200\003\142\113\121\214}{chapter.3}% 11
\BOOKMARK [1][-]{section.3.7}{\376\377\0003\000.\0007\000\040\000m\000o\000d\000u\000l\000e\000s\000p\000e\000c\000y\000o\000n\000e\000:\000:\000g\000a\000s\000o\000n\000e\000\040\174\173\127\213\123\302\200\003\142\113\121\214}{chapter.3}% 12
\BOOKMARK [1][-]{section.3.8}{\376\377\0003\000.\0008\000\040\000m\000o\000d\000u\000l\000e\000s\000p\000e\000c\000y\000o\000n\000e\000:\000:\000g\000a\000s\000p\000h\000y\000s\000i\000c\000a\000l\000\040\174\173\127\213\123\302\200\003\142\113\121\214}{chapter.3}% 13
\BOOKMARK [1][-]{section.3.9}{\376\377\0003\000.\0009\000\040\000m\000o\000d\000u\000l\000e\000g\000r\000i\000d\000:\000:\000g\000r\000i\000d\000\040\174\173\127\213\123\302\200\003\142\113\121\214}{chapter.3}% 14
\BOOKMARK [1][-]{section.3.10}{\376\377\0003\000.\0001\0000\000\040\000m\000o\000d\000u\000l\000e\000g\000r\000i\000d\0000\000d\0001\000t\000:\000:\000g\000r\000i\000d\0000\000d\0001\000t\000\040\174\173\127\213\123\302\200\003\142\113\121\214}{chapter.3}% 15
\BOOKMARK [1][-]{section.3.11}{\376\377\0003\000.\0001\0001\000\040\000m\000o\000d\000u\000l\000e\000g\000r\000i\000d\0001\000d\0000\000t\000:\000:\000g\000r\000i\000d\0001\000d\0000\000t\000\040\174\173\127\213\123\302\200\003\142\113\121\214}{chapter.3}% 16
\BOOKMARK [1][-]{section.3.12}{\376\377\0003\000.\0001\0002\000\040\000m\000o\000d\000u\000l\000e\000g\000r\000i\000d\000:\000:\000I\000n\000i\000t\000G\000r\000i\000d\000B\000a\000s\000e\000\040\143\245\123\343\123\302\200\003\142\113\121\214}{chapter.3}% 17
\BOOKMARK [1][-]{section.3.13}{\376\377\0003\000.\0001\0003\000\040\000m\000o\000d\000u\000l\000e\000t\000y\000p\000e\000m\000c\000c\000:\000:\000m\000c\000c\000b\000u\000n\000d\000l\000e\000\040\174\173\127\213\123\302\200\003\142\113\121\214}{chapter.3}% 18
\BOOKMARK [1][-]{section.3.14}{\376\377\0003\000.\0001\0004\000\040\000m\000o\000d\000u\000l\000e\000t\000y\000p\000e\000m\000c\000c\000:\000:\000m\000c\000c\000p\000a\000r\000t\000i\000c\000l\000e\000o\000n\000e\000\040\174\173\127\213\123\302\200\003\142\113\121\214}{chapter.3}% 19
\BOOKMARK [1][-]{section.3.15}{\376\377\0003\000.\0001\0005\000\040\000m\000o\000d\000u\000l\000e\000p\000a\000r\000t\000i\000c\000l\000e\000b\000o\000u\000n\000d\000a\000r\000y\000:\000:\000p\000a\000r\000t\000i\000c\000l\000e\000b\000o\000u\000n\000d\000a\000r\000y\000o\000n\000e\000\040\174\173\127\213\123\302\200\003\142\113\121\214}{chapter.3}% 20
\BOOKMARK [1][-]{section.3.16}{\376\377\0003\000.\0001\0006\000\040\000m\000o\000d\000u\000l\000e\000p\000a\000r\000t\000i\000c\000l\000e\000b\000u\000n\000d\000l\000e\000:\000:\000p\000a\000r\000t\000i\000c\000l\000e\000b\000u\000n\000d\000l\000e\000\040\174\173\127\213\123\302\200\003\142\113\121\214}{chapter.3}% 21
\BOOKMARK [1][-]{section.3.17}{\376\377\0003\000.\0001\0007\000\040\000m\000o\000d\000u\000l\000e\000p\000a\000r\000t\000i\000c\000l\000e\000b\000u\000n\000d\000l\000e\000:\000:\000p\000a\000r\000t\000i\000c\000l\000e\000b\000u\000n\000d\000l\000e\000i\000n\000d\000e\000x\000\040\174\173\127\213\123\302\200\003\142\113\121\214}{chapter.3}% 22
\BOOKMARK [1][-]{section.3.18}{\376\377\0003\000.\0001\0008\000\040\000d\000i\000a\000g\000n\000o\000s\000t\000i\000c\000s\000c\000o\000l\000l\000i\000s\000i\000o\000n\000r\000a\000t\000e\000:\000:\000p\000a\000r\000t\000i\000c\000l\000e\000c\000o\000l\000l\000i\000s\000i\000o\000n\000r\000a\000t\000e\000\040\174\173\127\213\123\302\200\003\142\113\121\214}{chapter.3}% 23
\BOOKMARK [1][-]{section.3.19}{\376\377\0003\000.\0001\0009\000\040\000d\000i\000a\000g\000n\000o\000s\000t\000i\000c\000s\000e\000e\000p\000f\000:\000:\000p\000a\000r\000t\000i\000c\000l\000e\000e\000d\000f\000\040\174\173\127\213\123\302\200\003\142\113\121\214}{chapter.3}% 24
\BOOKMARK [1][-]{section.3.20}{\376\377\0003\000.\0002\0000\000\040\000d\000i\000a\000g\000n\000o\000s\000t\000i\000c\000s\000m\000o\000m\000e\000n\000t\000u\000m\000:\000:\000p\000a\000r\000t\000i\000c\000l\000e\000m\000o\000m\000e\000n\000t\000u\000m\000o\000n\000e\000\040\174\173\127\213\123\302\200\003\142\113\121\214}{chapter.3}% 25
\BOOKMARK [1][-]{section.3.21}{\376\377\0003\000.\0002\0001\000\040\000m\000o\000d\000u\000l\000e\000p\000a\000r\000t\000i\000c\000l\000e\000o\000n\000e\000:\000:\000p\000a\000r\000t\000i\000c\000l\000e\000o\000n\000e\000\040\174\173\127\213\123\302\200\003\142\113\121\214}{chapter.3}% 26
\BOOKMARK [1][-]{section.3.22}{\376\377\0003\000.\0002\0002\000\040\000m\000o\000d\000u\000l\000e\000p\000a\000r\000t\000i\000c\000l\000e\000o\000n\000e\000:\000:\000p\000a\000r\000t\000i\000c\000l\000e\000o\000n\000e\000i\000n\000d\000e\000x\000\040\174\173\127\213\123\302\200\003\142\113\121\214}{chapter.3}% 27
\BOOKMARK [1][-]{section.3.23}{\376\377\0003\000.\0002\0003\000\040\000m\000o\000d\000u\000l\000e\000t\000y\000p\000e\000m\000c\000c\000:\000:\000r\000e\000a\000c\000t\000i\000o\000n\000o\000n\000e\000\040\174\173\127\213\123\302\200\003\142\113\121\214}{chapter.3}% 28
\BOOKMARK [1][-]{section.3.24}{\376\377\0003\000.\0002\0004\000\040\000m\000o\000d\000u\000l\000e\000g\000r\000i\000d\000:\000:\000R\000e\000s\000c\000a\000l\000e\000G\000r\000i\000d\000\040\143\245\123\343\123\302\200\003\142\113\121\214}{chapter.3}% 29
\BOOKMARK [1][-]{section.3.25}{\376\377\0003\000.\0002\0005\000\040\000m\000o\000d\000u\000l\000e\000g\000r\000i\000d\000:\000:\000R\000e\000s\000e\000t\000G\000r\000i\000d\000\040\143\245\123\343\123\302\200\003\142\113\121\214}{chapter.3}% 30
\BOOKMARK [1][-]{section.3.26}{\376\377\0003\000.\0002\0006\000\040\000m\000o\000d\000u\000l\000e\000m\000c\000c\000s\000i\000g\000m\000a\000:\000:\000s\000i\000g\000m\000a\000n\000o\000r\000m\000a\000l\000i\000z\000e\000d\000\040\174\173\127\213\123\302\200\003\142\113\121\214}{chapter.3}% 31
\BOOKMARK [1][-]{section.3.27}{\376\377\0003\000.\0002\0007\000\040\000m\000o\000d\000u\000l\000e\000m\000c\000c\000s\000i\000g\000m\000a\000:\000:\000s\000i\000g\000m\000a\000r\000a\000w\000\040\174\173\127\213\123\302\200\003\142\113\121\214}{chapter.3}% 32
\BOOKMARK [1][-]{section.3.28}{\376\377\0003\000.\0002\0008\000\040\000m\000o\000d\000u\000l\000e\000s\000p\000e\000c\000y\000o\000n\000e\000:\000:\000s\000p\000e\000c\000y\000o\000n\000e\000\040\174\173\127\213\123\302\200\003\142\113\121\214}{chapter.3}% 33
\BOOKMARK [1][-]{section.3.29}{\376\377\0003\000.\0002\0009\000\040\000m\000o\000d\000u\000l\000e\000s\000p\000e\000c\000y\000o\000n\000e\000:\000:\000s\000p\000e\000c\000y\000o\000n\000e\000p\000h\000y\000s\000i\000c\000a\000l\000\040\174\173\127\213\123\302\200\003\142\113\121\214}{chapter.3}% 34
\BOOKMARK [0][-]{section*.47}{\376\377\000I\000n\000d\000e\000x}{}% 35
